<?xml version="1.0" encoding="UTF-8"?>
<testsuite name="Search pokemon about Pikachu on Bulbapedia" tests="4" skipped="2" failures="2" errors="0" timestamp="2020-04-29T08:37:33" hostname="LAPTOP-8ROAKM94" time="0.02">
  <properties/>
  <testcase name="User open bulbapedia homepage" classname="Search pokemon about Pikachu on Bulbapedia" time="0.009">
    <failure message="java.lang.NullPointerException" type="java.lang.NullPointerException">java.lang.NullPointerException
	at demo.pages.HomePage.openHomePage(HomePage.java:10)
	at demo.steps.pokemonStepDefinition.userOpenBulbapediaHomepage(pokemonStepDefinition.java:16)
	at ✽.User open bulbapedia homepage(file:///C:/Users/ASUS/IdeaProjects/Web_Dananjoyo/src/test/resources/features/pokemon.feature:4)
</failure>
  </testcase>
  <testcase name="User input search &quot;Pikachu&quot; on homepage" classname="Search pokemon about Pikachu on Bulbapedia" time="0.003">
    <skipped/>
  </testcase>
  <testcase name="User see article with title &quot;Pikachu (Pokémon)&quot; and number &quot;#025&quot; on article page" classname="Search pokemon about Pikachu on Bulbapedia" time="0.001">
    <skipped/>
  </testcase>
  <testcase name="classMethod" classname="Search pokemon about Pikachu on Bulbapedia" time="0.284">
    <failure message="java.lang.NullPointerException" type="java.lang.NullPointerException">java.lang.NullPointerException
	at demo.pages.HomePage.openHomePage(HomePage.java:10)
	at demo.steps.pokemonStepDefinition.userOpenBulbapediaHomepage(pokemonStepDefinition.java:16)
	at ✽.User open bulbapedia homepage(file:///C:/Users/ASUS/IdeaProjects/Web_Dananjoyo/src/test/resources/features/pokemon.feature:4)
</failure>
  </testcase>
  <system-out><![CDATA[]]></system-out>
  <system-err><![CDATA[]]></system-err>
</testsuite>
