<?xml version="1.0" encoding="UTF-8"?>
<testsuite name="demo.CucumberRunner" tests="0" skipped="0" failures="0" errors="0" timestamp="1970-01-01T00:00:00" hostname="LAPTOP-8ROAKM94" time="0.0">
  <properties/>
  <system-out><![CDATA[
?[31mFailed scenarios:?[0m
?[31mfile:///C:/Users/ASUS/IdeaProjects/Web_Dananjoyo/src/test/resources/features/pokemon.feature:3?[0m# Search pokemon about Pikachu on Bulbapedia
?[31mfile:///C:/Users/ASUS/IdeaProjects/Web_Dananjoyo/src/test/resources/features/pokemon.feature:8?[0m# Search pokemon about Bulbasaur on Bulbapedia
?[31mfile:///C:/Users/ASUS/IdeaProjects/Web_Dananjoyo/src/test/resources/features/pokemon.feature:13?[0m# Search pokemon about Charizard on Bulbapedia

3 Scenarios (?[31m3 failed?[0m)
9 Steps (?[31m3 failed?[0m, ?[36m6 skipped?[0m)
0m0.308s


java.lang.NullPointerException
	at demo.pages.HomePage.openHomePage(HomePage.java:10)
	at demo.steps.pokemonStepDefinition.userOpenBulbapediaHomepage(pokemonStepDefinition.java:16)
	at ?.User open bulbapedia homepage(file:///C:/Users/ASUS/IdeaProjects/Web_Dananjoyo/src/test/resources/features/pokemon.feature:4)

java.lang.NullPointerException
	at demo.pages.HomePage.openHomePage(HomePage.java:10)
	at demo.steps.pokemonStepDefinition.userOpenBulbapediaHomepage(pokemonStepDefinition.java:16)
	at ?.User open bulbapedia homepage(file:///C:/Users/ASUS/IdeaProjects/Web_Dananjoyo/src/test/resources/features/pokemon.feature:9)

java.lang.NullPointerException
	at demo.pages.HomePage.openHomePage(HomePage.java:10)
	at demo.steps.pokemonStepDefinition.userOpenBulbapediaHomepage(pokemonStepDefinition.java:16)
	at ?.User open bulbapedia homepage(file:///C:/Users/ASUS/IdeaProjects/Web_Dananjoyo/src/test/resources/features/pokemon.feature:14)


]]></system-out>
  <system-err><![CDATA[Apr 29, 2020 3:37:33 PM io.cucumber.junit.Cucumber <init>
WARNING: By default Cucumber is running in --non-strict mode.
This default will change to --strict and --non-strict will be removed.
You can use --strict or @CucumberOptions(strict = true) to suppress this warning
]]></system-err>
</testsuite>
